# JRE version: Java(TM) SE Runtime Environment (8.0_91-b14) (build 1.8.0_91-b14)
# Java VM: Java HotSpot(TM) 64-Bit Server VM (25.91-b14 mixed mode windows-amd64 compressed oops)
Heap:
 PSYoungGen      total 485376K, used 90590K [0x00000000e0000000, 0x00000000ffc80000, 0x0000000100000000)
  eden space 453120K, 16% used [0x00000000e0000000,0x00000000e4a38448,0x00000000fba80000)
  from space 32256K, 45% used [0x00000000fdd00000,0x00000000feb3f4d0,0x00000000ffc80000)
  to   space 33792K, 0% used [0x00000000fba80000,0x00000000fba80000,0x00000000fdb80000)
 ParOldGen       total 112128K, used 93367K [0x00000000a0000000, 0x00000000a6d80000, 0x00000000e0000000)
  object space 112128K, 83% used [0x00000000a0000000,0x00000000a5b2dd60,0x00000000a6d80000)
 Metaspace       used 88290K, capacity 92730K, committed 92848K, reserved 1130496K
  class space    used 11303K, capacity 12349K, committed 12464K, reserved 1048576K
GC Heap History (10 events):
Event: 8012.990 GC heap before
{Heap before GC invocations=26 (full 4):
 PSYoungGen      total 274944K, used 265550K [0x00000000e0000000, 0x00000000f4f80000, 0x0000000100000000)
  eden space 247296K, 100% used [0x00000000e0000000,0x00000000ef180000,0x00000000ef180000)
  from space 27648K, 66% used [0x00000000ef180000,0x00000000f0353928,0x00000000f0c80000)
  to   space 28160K, 0% used [0x00000000f3400000,0x00000000f3400000,0x00000000f4f80000)
 ParOldGen       total 112128K, used 58069K [0x00000000a0000000, 0x00000000a6d80000, 0x00000000e0000000)
  object space 112128K, 51% used [0x00000000a0000000,0x00000000a38b56e0,0x00000000a6d80000)
 Metaspace       used 85131K, capacity 89064K, committed 89264K, reserved 1126400K
  class space    used 10865K, capacity 11832K, committed 11952K, reserved 1048576K
Event: 8013.786 GC heap after
Heap after GC invocations=26 (full 4):
 PSYoungGen      total 308736K, used 28137K [0x00000000e0000000, 0x00000000f7100000, 0x0000000100000000)
  eden space 280576K, 0% used [0x00000000e0000000,0x00000000e0000000,0x00000000f1200000)
  from space 28160K, 99% used [0x00000000f3400000,0x00000000f4f7a638,0x00000000f4f80000)
  to   space 34816K, 0% used [0x00000000f1200000,0x00000000f1200000,0x00000000f3400000)
 ParOldGen       total 112128K, used 63461K [0x00000000a0000000, 0x00000000a6d80000, 0x00000000e0000000)
  object space 112128K, 56% used [0x00000000a0000000,0x00000000a3df9410,0x00000000a6d80000)
 Metaspace       used 85131K, capacity 89064K, committed 89264K, reserved 1126400K
  class space    used 10865K, capacity 11832K, committed 11952K, reserved 1048576K
}
Event: 8017.280 GC heap before
{Heap before GC invocations=27 (full 4):
 PSYoungGen      total 308736K, used 308713K [0x00000000e0000000, 0x00000000f7100000, 0x0000000100000000)
  eden space 280576K, 100% used [0x00000000e0000000,0x00000000f1200000,0x00000000f1200000)
  from space 28160K, 99% used [0x00000000f3400000,0x00000000f4f7a638,0x00000000f4f80000)
  to   space 34816K, 0% used [0x00000000f1200000,0x00000000f1200000,0x00000000f3400000)
 ParOldGen       total 112128K, used 63461K [0x00000000a0000000, 0x00000000a6d80000, 0x00000000e0000000)
  object space 112128K, 56% used [0x00000000a0000000,0x00000000a3df9410,0x00000000a6d80000)
 Metaspace       used 85269K, capacity 89264K, committed 89520K, reserved 1126400K
  class space    used 10865K, capacity 11832K, committed 11952K, reserved 1048576K
Event: 8022.651 GC heap after
Heap after GC invocations=27 (full 4):
 PSYoungGen      total 315392K, used 25689K [0x00000000e0000000, 0x00000000fc100000, 0x0000000100000000)
  eden space 280576K, 0% used [0x00000000e0000000,0x00000000e0000000,0x00000000f1200000)
  from space 34816K, 73% used [0x00000000f1200000,0x00000000f2b16648,0x00000000f3400000)
  to   space 36864K, 0% used [0x00000000f9d00000,0x00000000f9d00000,0x00000000fc100000)
 ParOldGen       total 112128K, used 69548K [0x00000000a0000000, 0x00000000a6d80000, 0x00000000e0000000)
  object space 112128K, 62% used [0x00000000a0000000,0x00000000a43eb070,0x00000000a6d80000)
 Metaspace       used 85269K, capacity 89264K, committed 89520K, reserved 1126400K
  class space    used 10865K, capacity 11832K, committed 11952K, reserved 1048576K
}
Event: 8051.149 GC heap before
{Heap before GC invocations=28 (full 4):
 PSYoungGen      total 315392K, used 306265K [0x00000000e0000000, 0x00000000fc100000, 0x0000000100000000)
  eden space 280576K, 100% used [0x00000000e0000000,0x00000000f1200000,0x00000000f1200000)
  from space 34816K, 73% used [0x00000000f1200000,0x00000000f2b16648,0x00000000f3400000)
  to   space 36864K, 0% used [0x00000000f9d00000,0x00000000f9d00000,0x00000000fc100000)
 ParOldGen       total 112128K, used 69548K [0x00000000a0000000, 0x00000000a6d80000, 0x00000000e0000000)
  object space 112128K, 62% used [0x00000000a0000000,0x00000000a43eb070,0x00000000a6d80000)
 Metaspace       used 85548K, capacity 89550K, committed 89776K, reserved 1126400K
  class space    used 10901K, capacity 11877K, committed 11952K, reserved 1048576K
Event: 8053.108 GC heap after
Heap after GC invocations=28 (full 4):
 PSYoungGen      total 417792K, used 10560K [0x00000000e0000000, 0x00000000fbd00000, 0x0000000100000000)
  eden space 385024K, 0% used [0x00000000e0000000,0x00000000e0000000,0x00000000f7800000)
  from space 32768K, 32% used [0x00000000f9d00000,0x00000000fa7503f8,0x00000000fbd00000)
  to   space 35328K, 0% used [0x00000000f7800000,0x00000000f7800000,0x00000000f9a80000)
 ParOldGen       total 112128K, used 84988K [0x00000000a0000000, 0x00000000a6d80000, 0x00000000e0000000)
  object space 112128K, 75% used [0x00000000a0000000,0x00000000a52ff3c0,0x00000000a6d80000)
 Metaspace       used 85548K, capacity 89550K, committed 89776K, reserved 1126400K
  class space    used 10901K, capacity 11877K, committed 11952K, reserved 1048576K
}
Event: 8086.801 GC heap before
{Heap before GC invocations=29 (full 4):
 PSYoungGen      total 417792K, used 393895K [0x00000000e0000000, 0x00000000fbd00000, 0x0000000100000000)
  eden space 385024K, 99% used [0x00000000e0000000,0x00000000f7659888,0x00000000f7800000)
  from space 32768K, 32% used [0x00000000f9d00000,0x00000000fa7503f8,0x00000000fbd00000)
  to   space 35328K, 0% used [0x00000000f7800000,0x00000000f7800000,0x00000000f9a80000)
 ParOldGen       total 112128K, used 84988K [0x00000000a0000000, 0x00000000a6d80000, 0x00000000e0000000)
  object space 112128K, 75% used [0x00000000a0000000,0x00000000a52ff3c0,0x00000000a6d80000)
 Metaspace       used 86338K, capacity 90354K, committed 90672K, reserved 1128448K
  class space    used 10982K, capacity 11953K, committed 12080K, reserved 1048576K
Event: 8092.530 GC heap after
Heap after GC invocations=29 (full 4):
 PSYoungGen      total 420352K, used 21099K [0x00000000e0000000, 0x0000000100000000, 0x0000000100000000)
  eden space 385024K, 0% used [0x00000000e0000000,0x00000000e0000000,0x00000000f7800000)
  from space 35328K, 59% used [0x00000000f7800000,0x00000000f8c9afd8,0x00000000f9a80000)
  to   space 35840K, 0% used [0x00000000fdd00000,0x00000000fdd00000,0x0000000100000000)
 ParOldGen       total 112128K, used 92871K [0x00000000a0000000, 0x00000000a6d80000, 0x00000000e0000000)
  object space 112128K, 82% used [0x00000000a0000000,0x00000000a5ab1d28,0x00000000a6d80000)
 Metaspace       used 86338K, capacity 90354K, committed 90672K, reserved 1128448K
  class space    used 10982K, capacity 11953K, committed 12080K, reserved 1048576K
}
Event: 8202.261 GC heap before
{Heap before GC invocations=30 (full 4):
 PSYoungGen      total 420352K, used 405219K [0x00000000e0000000, 0x0000000100000000, 0x0000000100000000)
  eden space 385024K, 99% used [0x00000000e0000000,0x00000000f771dcb0,0x00000000f7800000)
  from space 35328K, 59% used [0x00000000f7800000,0x00000000f8c9afd8,0x00000000f9a80000)
  to   space 35840K, 0% used [0x00000000fdd00000,0x00000000fdd00000,0x0000000100000000)
 ParOldGen       total 112128K, used 92871K [0x00000000a0000000, 0x00000000a6d80000, 0x00000000e0000000)
  object space 112128K, 82% used [0x00000000a0000000,0x00000000a5ab1d28,0x00000000a6d80000)
 Metaspace       used 87739K, capacity 92024K, committed 92208K, reserved 1128448K
  class space    used 11199K, capacity 12210K, committed 12336K, reserved 1048576K
Event: 8202.368 GC heap after
Heap after GC invocations=30 (full 4):
 PSYoungGen      total 485376K, used 14589K [0x00000000e0000000, 0x00000000ffc80000, 0x0000000100000000)
  eden space 453120K, 0% used [0x00000000e0000000,0x00000000e0000000,0x00000000fba80000)
  from space 32256K, 45% used [0x00000000fdd00000,0x00000000feb3f4d0,0x00000000ffc80000)
  to   space 33792K, 0% used [0x00000000fba80000,0x00000000fba80000,0x00000000fdb80000)
 ParOldGen       total 112128K, used 93367K [0x00000000a0000000, 0x00000000a6d80000, 0x00000000e0000000)
  object space 112128K, 83% used [0x00000000a0000000,0x00000000a5b2dd60,0x00000000a6d80000)
 Metaspace       used 87739K, capacity 92024K, committed 92208K, reserved 1128448K
  class space    used 11199K, capacity 12210K, committed 12336K, reserved 1048576K
}

